c:\users\teres\onedrive\facul\p1\animação e visualização\projeto-avt\exercise1\x64\debug\vc142.pdb
c:\users\teres\onedrive\facul\p1\animação e visualização\projeto-avt\exercise1\x64\debug\vc142.idb
c:\users\teres\onedrive\facul\p1\animação e visualização\projeto-avt\exercise1\x64\debug\vsshaderlib.obj
c:\users\teres\onedrive\facul\p1\animação e visualização\projeto-avt\exercise1\x64\debug\texture_loader.obj
c:\users\teres\onedrive\facul\p1\animação e visualização\projeto-avt\exercise1\x64\debug\rover.obj
c:\users\teres\onedrive\facul\p1\animação e visualização\projeto-avt\exercise1\x64\debug\lightdemo.obj
c:\users\teres\onedrive\facul\p1\animação e visualização\projeto-avt\exercise1\x64\debug\camera.obj
c:\users\teres\onedrive\facul\p1\animação e visualização\projeto-avt\exercise1\x64\debug\basic_geometry.obj
c:\users\teres\onedrive\facul\p1\animação e visualização\projeto-avt\exercise1\x64\debug\avtmathlib.obj
c:\users\teres\onedrive\facul\p1\animação e visualização\projeto-avt\exercise1\x64\debug\avtfreetype.obj
c:\users\teres\onedrive\facul\p1\animação e visualização\projeto-avt\x64\debug\exercise1.exe
c:\users\teres\onedrive\facul\p1\animação e visualização\projeto-avt\exercise1\x64\debug\exercise1.ilk
c:\users\teres\onedrive\facul\p1\animação e visualização\projeto-avt\x64\debug\exercise1.pdb
c:\users\teres\onedrive\facul\p1\animação e visualização\projeto-avt\exercise1\x64\debug\vc143.idb
c:\users\teres\onedrive\facul\p1\animação e visualização\projeto-avt\exercise1\x64\debug\vc143.pdb
c:\users\teres\onedrive\facul\p1\animação e visualização\projeto-avt\exercise1\x64\debug\exercise1.tlog\cl.command.1.tlog
c:\users\teres\onedrive\facul\p1\animação e visualização\projeto-avt\exercise1\x64\debug\exercise1.tlog\cl.read.1.tlog
c:\users\teres\onedrive\facul\p1\animação e visualização\projeto-avt\exercise1\x64\debug\exercise1.tlog\cl.write.1.tlog
c:\users\teres\onedrive\facul\p1\animação e visualização\projeto-avt\exercise1\x64\debug\exercise1.tlog\link.command.1.tlog
c:\users\teres\onedrive\facul\p1\animação e visualização\projeto-avt\exercise1\x64\debug\exercise1.tlog\link.read.1.tlog
c:\users\teres\onedrive\facul\p1\animação e visualização\projeto-avt\exercise1\x64\debug\exercise1.tlog\link.write.1.tlog
