C:\Program Files (x86)\Microsoft Visual Studio\2019\Community\MSBuild\Microsoft\VC\v160\Microsoft.CppBuild.targets(513,5): warning MSB8028: The intermediate directory (x64\Debug\) contains files shared from another project (Exercise1.vcxproj).  This can lead to incorrect clean and rebuild behavior.
  lightDemo.cpp
C:\Users\teres\OneDrive\facul\P1\Animação e Visualização\Projeto-AVT\Exercise1\lightDemo.cpp(51,20): warning C4305: 'initializing': truncation from 'double' to 'float'
C:\Users\teres\OneDrive\facul\P1\Animação e Visualização\Projeto-AVT\Exercise1\lightDemo.cpp(384,19): warning C4305: 'initializing': truncation from 'double' to 'float'
C:\Users\teres\OneDrive\facul\P1\Animação e Visualização\Projeto-AVT\Exercise1\lightDemo.cpp(574,30): warning C4244: 'argument': conversion from 'int' to 'float', possible loss of data
C:\Users\teres\OneDrive\facul\P1\Animação e Visualização\Projeto-AVT\Exercise1\lightDemo.cpp(626,103): warning C4244: 'argument': conversion from 'int' to 'float', possible loss of data
C:\Users\teres\OneDrive\facul\P1\Animação e Visualização\Projeto-AVT\Exercise1\lightDemo.cpp(626,70): warning C4244: 'argument': conversion from 'int' to 'float', possible loss of data
C:\Users\teres\OneDrive\facul\P1\Animação e Visualização\Projeto-AVT\Exercise1\lightDemo.cpp(626,53): warning C4244: 'argument': conversion from 'int' to 'float', possible loss of data
C:\Users\teres\OneDrive\facul\P1\Animação e Visualização\Projeto-AVT\Exercise1\lightDemo.cpp(626,20): warning C4244: 'argument': conversion from 'int' to 'float', possible loss of data
C:\Users\teres\OneDrive\facul\P1\Animação e Visualização\Projeto-AVT\Exercise1\lightDemo.cpp(643,19): warning C4305: 'initializing': truncation from 'double' to 'float'
C:\Users\teres\OneDrive\facul\P1\Animação e Visualização\Projeto-AVT\Exercise1\lightDemo.cpp(651,30): warning C4305: '+=': truncation from 'double' to 'float'
C:\Users\teres\OneDrive\facul\P1\Animação e Visualização\Projeto-AVT\Exercise1\lightDemo.cpp(652,62): warning C4244: '=': conversion from 'double' to 'float', possible loss of data
C:\Users\teres\OneDrive\facul\P1\Animação e Visualização\Projeto-AVT\Exercise1\lightDemo.cpp(656,30): warning C4305: '-=': truncation from 'double' to 'float'
C:\Users\teres\OneDrive\facul\P1\Animação e Visualização\Projeto-AVT\Exercise1\lightDemo.cpp(657,62): warning C4244: '=': conversion from 'double' to 'float', possible loss of data
C:\Users\teres\OneDrive\facul\P1\Animação e Visualização\Projeto-AVT\Exercise1\lightDemo.cpp(759,20): warning C4305: 'initializing': truncation from 'double' to 'float'
C:\Users\teres\OneDrive\facul\P1\Animação e Visualização\Projeto-AVT\Exercise1\lightDemo.cpp(830,20): warning C4838: conversion from 'double' to 'float' requires a narrowing conversion
C:\Users\teres\OneDrive\facul\P1\Animação e Visualização\Projeto-AVT\Exercise1\lightDemo.cpp(830,20): warning C4244: 'initializing': conversion from 'double' to 'float', possible loss of data
C:\Users\teres\OneDrive\facul\P1\Animação e Visualização\Projeto-AVT\Exercise1\lightDemo.cpp(830,29): warning C4838: conversion from 'double' to 'float' requires a narrowing conversion
C:\Users\teres\OneDrive\facul\P1\Animação e Visualização\Projeto-AVT\Exercise1\lightDemo.cpp(830,29): warning C4244: 'initializing': conversion from 'double' to 'float', possible loss of data
C:\Users\teres\OneDrive\facul\P1\Animação e Visualização\Projeto-AVT\Exercise1\lightDemo.cpp(830,38): warning C4838: conversion from 'double' to 'float' requires a narrowing conversion
C:\Users\teres\OneDrive\facul\P1\Animação e Visualização\Projeto-AVT\Exercise1\lightDemo.cpp(830,38): warning C4244: 'initializing': conversion from 'double' to 'float', possible loss of data
C:\Users\teres\OneDrive\facul\P1\Animação e Visualização\Projeto-AVT\Exercise1\lightDemo.cpp(850,36): warning C4305: 'argument': truncation from 'double' to 'float'
C:\Users\teres\OneDrive\facul\P1\Animação e Visualização\Projeto-AVT\Exercise1\lightDemo.cpp(860,36): warning C4305: 'argument': truncation from 'double' to 'float'
C:\Users\teres\OneDrive\facul\P1\Animação e Visualização\Projeto-AVT\Exercise1\lightDemo.cpp(863,49): warning C4305: 'argument': truncation from 'double' to 'float'
C:\Users\teres\OneDrive\facul\P1\Animação e Visualização\Projeto-AVT\Exercise1\lightDemo.cpp(868,35): warning C4305: 'argument': truncation from 'double' to 'float'
C:\Users\teres\OneDrive\facul\P1\Animação e Visualização\Projeto-AVT\Exercise1\lightDemo.cpp(869,39): warning C4305: 'argument': truncation from 'double' to 'float'
C:\Users\teres\OneDrive\facul\P1\Animação e Visualização\Projeto-AVT\Exercise1\lightDemo.cpp(874,35): warning C4305: 'argument': truncation from 'double' to 'float'
C:\Users\teres\OneDrive\facul\P1\Animação e Visualização\Projeto-AVT\Exercise1\lightDemo.cpp(875,39): warning C4305: 'argument': truncation from 'double' to 'float'
C:\Users\teres\OneDrive\facul\P1\Animação e Visualização\Projeto-AVT\Exercise1\lightDemo.cpp(880,35): warning C4305: 'argument': truncation from 'double' to 'float'
C:\Users\teres\OneDrive\facul\P1\Animação e Visualização\Projeto-AVT\Exercise1\lightDemo.cpp(881,39): warning C4305: 'argument': truncation from 'double' to 'float'
C:\Users\teres\OneDrive\facul\P1\Animação e Visualização\Projeto-AVT\Exercise1\lightDemo.cpp(886,35): warning C4305: 'argument': truncation from 'double' to 'float'
C:\Users\teres\OneDrive\facul\P1\Animação e Visualização\Projeto-AVT\Exercise1\lightDemo.cpp(887,39): warning C4305: 'argument': truncation from 'double' to 'float'
C:\Users\teres\OneDrive\facul\P1\Animação e Visualização\Projeto-AVT\Exercise1\lightDemo.cpp(899,39): warning C4305: 'argument': truncation from 'double' to 'float'
C:\Users\teres\OneDrive\facul\P1\Animação e Visualização\Projeto-AVT\Exercise1\lightDemo.cpp(920,39): warning C4305: 'argument': truncation from 'double' to 'float'
C:\Users\teres\OneDrive\facul\P1\Animação e Visualização\Projeto-AVT\Exercise1\lightDemo.cpp(922,50): warning C4305: 'argument': truncation from 'double' to 'float'
C:\Users\teres\OneDrive\facul\P1\Animação e Visualização\Projeto-AVT\Exercise1\lightDemo.cpp(926,39): warning C4305: 'argument': truncation from 'double' to 'float'
C:\Users\teres\OneDrive\facul\P1\Animação e Visualização\Projeto-AVT\Exercise1\lightDemo.cpp(928,51): warning C4305: 'argument': truncation from 'double' to 'float'
C:\Users\teres\OneDrive\facul\P1\Animação e Visualização\Projeto-AVT\Exercise1\lightDemo.cpp(932,39): warning C4305: 'argument': truncation from 'double' to 'float'
C:\Users\teres\OneDrive\facul\P1\Animação e Visualização\Projeto-AVT\Exercise1\lightDemo.cpp(934,51): warning C4305: 'argument': truncation from 'double' to 'float'
C:\Users\teres\OneDrive\facul\P1\Animação e Visualização\Projeto-AVT\Exercise1\lightDemo.cpp(938,39): warning C4305: 'argument': truncation from 'double' to 'float'
C:\Users\teres\OneDrive\facul\P1\Animação e Visualização\Projeto-AVT\Exercise1\lightDemo.cpp(940,52): warning C4305: 'argument': truncation from 'double' to 'float'
C:\Users\teres\OneDrive\facul\P1\Animação e Visualização\Projeto-AVT\Exercise1\lightDemo.cpp(944,40): warning C4305: 'argument': truncation from 'double' to 'float'
C:\Users\teres\OneDrive\facul\P1\Animação e Visualização\Projeto-AVT\Exercise1\lightDemo.cpp(946,45): warning C4305: 'argument': truncation from 'double' to 'float'
C:\Users\teres\OneDrive\facul\P1\Animação e Visualização\Projeto-AVT\Exercise1\lightDemo.cpp(996,19): warning C4305: 'initializing': truncation from 'double' to 'float'
C:\Users\teres\OneDrive\facul\P1\Animação e Visualização\Projeto-AVT\Exercise1\lightDemo.cpp(997,10): warning C4244: '=': conversion from 'double' to 'float', possible loss of data
C:\Users\teres\OneDrive\facul\P1\Animação e Visualização\Projeto-AVT\Exercise1\lightDemo.cpp(998,46): warning C4244: '=': conversion from 'double' to 'float', possible loss of data
C:\Users\teres\OneDrive\facul\P1\Animação e Visualização\Projeto-AVT\Exercise1\lightDemo.cpp(999,61): warning C4244: '=': conversion from 'double' to 'float', possible loss of data
  Exercise1.vcxproj -> C:\Users\teres\OneDrive\facul\P1\Animação e Visualização\Projeto-AVT\x64\Debug\Projeto-AVT.exe
  0 File(s) copied
